[0.017s] Invoking command in '/home/souey-maher/fairino_ws/build/fairino_description': CMAKE_PREFIX_PATH=/opt/ros/humble /usr/bin/cmake /home/souey-maher/fairino_ws/src/fairino_description -DCMAKE_INSTALL_PREFIX=/home/souey-maher/fairino_ws/install/fairino_description
[0.050s] -- Found ament_cmake: 1.3.14 (/opt/ros/humble/share/ament_cmake/cmake)
[0.213s] -- Override CMake install command with custom implementation using symlinks instead of copying resources
[0.232s] -- Found urdf: 2.6.1 (/opt/ros/humble/share/urdf/cmake)
[0.272s] -- Found ament_lint_auto: 0.12.15 (/opt/ros/humble/share/ament_lint_auto/cmake)
[0.356s] -- Added test 'flake8' to check Python code syntax and style conventions
[0.356s] -- Added test 'lint_cmake' to check CMake code style
[0.357s] -- Added test 'pep257' to check Python code against some of the docstring style conventions in PEP 257
[0.358s] -- Added test 'xmllint' to check XML markup files
[0.359s] -- Configuring done
[0.364s] -- Generating done
[0.365s] -- Build files have been written to: /home/souey-maher/fairino_ws/build/fairino_description
[0.368s] Invoked command in '/home/souey-maher/fairino_ws/build/fairino_description' returned '0': CMAKE_PREFIX_PATH=/opt/ros/humble /usr/bin/cmake /home/souey-maher/fairino_ws/src/fairino_description -DCMAKE_INSTALL_PREFIX=/home/souey-maher/fairino_ws/install/fairino_description
[0.370s] Invoking command in '/home/souey-maher/fairino_ws/build/fairino_description': CMAKE_PREFIX_PATH=/opt/ros/humble /usr/bin/cmake --build /home/souey-maher/fairino_ws/build/fairino_description -- -j12 -l12
[0.435s] Invoked command in '/home/souey-maher/fairino_ws/build/fairino_description' returned '0': CMAKE_PREFIX_PATH=/opt/ros/humble /usr/bin/cmake --build /home/souey-maher/fairino_ws/build/fairino_description -- -j12 -l12
[0.476s] Invoking command in '/home/souey-maher/fairino_ws/build/fairino_description': CMAKE_PREFIX_PATH=/opt/ros/humble /usr/bin/cmake --install /home/souey-maher/fairino_ws/build/fairino_description
[0.497s] -- Install configuration: ""
[0.516s] -- Execute custom install script
[0.517s] -- Up-to-date symlink: /home/souey-maher/fairino_ws/install/fairino_description/share/fairino_description/meshes/fairino3_v6/base_link.STL
[0.517s] -- Up-to-date symlink: /home/souey-maher/fairino_ws/install/fairino_description/share/fairino_description/meshes/fairino3_v6/base_link.dae
[0.519s] -- Up-to-date symlink: /home/souey-maher/fairino_ws/install/fairino_description/share/fairino_description/meshes/fairino3_v6/forearm_link.STL
[0.519s] -- Up-to-date symlink: /home/souey-maher/fairino_ws/install/fairino_description/share/fairino_description/meshes/fairino3_v6/shoulder_link.STL
[0.520s] -- Up-to-date symlink: /home/souey-maher/fairino_ws/install/fairino_description/share/fairino_description/meshes/fairino3_v6/upperarm_link.STL
[0.522s] -- Up-to-date symlink: /home/souey-maher/fairino_ws/install/fairino_description/share/fairino_description/meshes/fairino3_v6/wrist1_link.STL
[0.522s] -- Up-to-date symlink: /home/souey-maher/fairino_ws/install/fairino_description/share/fairino_description/meshes/fairino3_v6/wrist2_link.STL
[0.523s] -- Up-to-date symlink: /home/souey-maher/fairino_ws/install/fairino_description/share/fairino_description/meshes/fairino3_v6/wrist3_link.STL
[0.524s] -- Symlinking: /home/souey-maher/fairino_ws/install/fairino_description/share/fairino_description/urdf/fairino3_v6.urdf.xacro
[0.543s] -- Up-to-date symlink: /home/souey-maher/fairino_ws/install/fairino_description/share/fairino_description/urdf_dual_arms/fairino3_dual_arms.urdf.xacro
[0.543s] -- Up-to-date symlink: /home/souey-maher/fairino_ws/install/fairino_description/share/fairino_description/urdf_dual_arms/fairino3_v6_robot.prefixed.urdf.xacro
[0.543s] -- Up-to-date symlink: /home/souey-maher/fairino_ws/install/fairino_description/share/fairino_description/urdf_dual_arms/initial_positions.yaml
[0.543s] -- Up-to-date symlink: /home/souey-maher/fairino_ws/install/fairino_description/share/fairino_description/urdf_dual_arms/ros2_controllers.yaml
[0.543s] -- Up-to-date symlink: /home/souey-maher/fairino_ws/install/fairino_description/share/fairino_description/launch/gazebo.launch.py
[0.543s] -- Up-to-date symlink: /home/souey-maher/fairino_ws/install/fairino_description/share/ament_index/resource_index/package_run_dependencies/fairino_description
[0.543s] -- Up-to-date symlink: /home/souey-maher/fairino_ws/install/fairino_description/share/ament_index/resource_index/parent_prefix_path/fairino_description
[0.543s] -- Up-to-date symlink: /home/souey-maher/fairino_ws/install/fairino_description/share/fairino_description/environment/ament_prefix_path.sh
[0.543s] -- Up-to-date symlink: /home/souey-maher/fairino_ws/install/fairino_description/share/fairino_description/environment/ament_prefix_path.dsv
[0.544s] -- Up-to-date symlink: /home/souey-maher/fairino_ws/install/fairino_description/share/fairino_description/environment/path.sh
[0.544s] -- Up-to-date symlink: /home/souey-maher/fairino_ws/install/fairino_description/share/fairino_description/environment/path.dsv
[0.544s] -- Up-to-date symlink: /home/souey-maher/fairino_ws/install/fairino_description/share/fairino_description/local_setup.bash
[0.544s] -- Up-to-date symlink: /home/souey-maher/fairino_ws/install/fairino_description/share/fairino_description/local_setup.sh
[0.544s] -- Up-to-date symlink: /home/souey-maher/fairino_ws/install/fairino_description/share/fairino_description/local_setup.zsh
[0.544s] -- Up-to-date symlink: /home/souey-maher/fairino_ws/install/fairino_description/share/fairino_description/local_setup.dsv
[0.544s] -- Symlinking: /home/souey-maher/fairino_ws/install/fairino_description/share/fairino_description/package.dsv
[0.560s] -- Up-to-date symlink: /home/souey-maher/fairino_ws/install/fairino_description/share/ament_index/resource_index/packages/fairino_description
[0.560s] -- Up-to-date symlink: /home/souey-maher/fairino_ws/install/fairino_description/share/fairino_description/cmake/fairino_descriptionConfig.cmake
[0.560s] -- Up-to-date symlink: /home/souey-maher/fairino_ws/install/fairino_description/share/fairino_description/cmake/fairino_descriptionConfig-version.cmake
[0.561s] -- Up-to-date symlink: /home/souey-maher/fairino_ws/install/fairino_description/share/fairino_description/package.xml
[0.565s] Invoked command in '/home/souey-maher/fairino_ws/build/fairino_description' returned '0': CMAKE_PREFIX_PATH=/opt/ros/humble /usr/bin/cmake --install /home/souey-maher/fairino_ws/build/fairino_description
