[0.006s] Invoking command in '/home/souey-maher/fairino_ws/build/fairino_description': CMAKE_PREFIX_PATH=/opt/ros/humble /usr/bin/cmake /home/souey-maher/fairino_ws/src/fairino_description -DAMENT_CMAKE_SYMLINK_INSTALL=1 -DCMAKE_INSTALL_PREFIX=/home/souey-maher/fairino_ws/install/fairino_description
[0.021s] -- Found ament_cmake: 1.3.14 (/opt/ros/humble/share/ament_cmake/cmake)
[0.161s] -- Found Python3: /usr/bin/python3 (found version "3.10.12") found components: Interpreter 
[0.239s] -- Override CMake install command with custom implementation using symlinks instead of copying resources
[0.278s] -- Found urdf: 2.6.1 (/opt/ros/humble/share/urdf/cmake)
[0.323s] -- Found ament_lint_auto: 0.12.15 (/opt/ros/humble/share/ament_lint_auto/cmake)
[0.382s] -- Added test 'flake8' to check Python code syntax and style conventions
[0.383s] -- Added test 'lint_cmake' to check CMake code style
[0.383s] -- Added test 'pep257' to check Python code against some of the docstring style conventions in PEP 257
[0.384s] -- Added test 'xmllint' to check XML markup files
[0.386s] -- Configuring done
[0.388s] -- Generating done
[0.389s] -- Build files have been written to: /home/souey-maher/fairino_ws/build/fairino_description
[0.394s] Invoked command in '/home/souey-maher/fairino_ws/build/fairino_description' returned '0': CMAKE_PREFIX_PATH=/opt/ros/humble /usr/bin/cmake /home/souey-maher/fairino_ws/src/fairino_description -DAMENT_CMAKE_SYMLINK_INSTALL=1 -DCMAKE_INSTALL_PREFIX=/home/souey-maher/fairino_ws/install/fairino_description
[0.394s] Invoking command in '/home/souey-maher/fairino_ws/build/fairino_description': CMAKE_PREFIX_PATH=/opt/ros/humble /usr/bin/cmake --build /home/souey-maher/fairino_ws/build/fairino_description -- -j12 -l12
[0.437s] Invoked command in '/home/souey-maher/fairino_ws/build/fairino_description' returned '0': CMAKE_PREFIX_PATH=/opt/ros/humble /usr/bin/cmake --build /home/souey-maher/fairino_ws/build/fairino_description -- -j12 -l12
[0.451s] Invoking command in '/home/souey-maher/fairino_ws/build/fairino_description': CMAKE_PREFIX_PATH=/opt/ros/humble /usr/bin/cmake --install /home/souey-maher/fairino_ws/build/fairino_description
[0.461s] -- Install configuration: ""
[0.461s] -- Execute custom install script
[0.462s] -- Symlinking: /home/souey-maher/fairino_ws/install/fairino_description/share/fairino_description/meshes/fairino3_v6/base_link.STL
[0.473s] -- Symlinking: /home/souey-maher/fairino_ws/install/fairino_description/share/fairino_description/meshes/fairino3_v6/forearm_link.STL
[0.484s] -- Symlinking: /home/souey-maher/fairino_ws/install/fairino_description/share/fairino_description/meshes/fairino3_v6/shoulder_link.STL
[0.495s] -- Symlinking: /home/souey-maher/fairino_ws/install/fairino_description/share/fairino_description/meshes/fairino3_v6/upperarm_link.STL
[0.503s] -- Symlinking: /home/souey-maher/fairino_ws/install/fairino_description/share/fairino_description/meshes/fairino3_v6/wrist1_link.STL
[0.508s] -- Symlinking: /home/souey-maher/fairino_ws/install/fairino_description/share/fairino_description/meshes/fairino3_v6/wrist2_link.STL
[0.515s] -- Symlinking: /home/souey-maher/fairino_ws/install/fairino_description/share/fairino_description/meshes/fairino3_v6/wrist3_link.STL
[0.521s] -- Symlinking: /home/souey-maher/fairino_ws/install/fairino_description/share/fairino_description/urdf/fairino3_v6.urdf
[0.526s] -- Symlinking: /home/souey-maher/fairino_ws/install/fairino_description/share/fairino_description/urdf_dual_arms/fairino3_dual_arms.urdf.xacro
[0.534s] -- Symlinking: /home/souey-maher/fairino_ws/install/fairino_description/share/fairino_description/urdf_dual_arms/fairino3_v6_robot.prefixed.urdf.xacro
[0.543s] -- Symlinking: /home/souey-maher/fairino_ws/install/fairino_description/share/fairino_description/urdf_dual_arms/initial_positions.yaml
[0.554s] -- Symlinking: /home/souey-maher/fairino_ws/install/fairino_description/share/ament_index/resource_index/package_run_dependencies/fairino_description
[0.565s] -- Symlinking: /home/souey-maher/fairino_ws/install/fairino_description/share/ament_index/resource_index/parent_prefix_path/fairino_description
[0.576s] -- Symlinking: /home/souey-maher/fairino_ws/install/fairino_description/share/fairino_description/environment/ament_prefix_path.sh
[0.587s] -- Symlinking: /home/souey-maher/fairino_ws/install/fairino_description/share/fairino_description/environment/ament_prefix_path.dsv
[0.597s] -- Symlinking: /home/souey-maher/fairino_ws/install/fairino_description/share/fairino_description/environment/path.sh
[0.607s] -- Symlinking: /home/souey-maher/fairino_ws/install/fairino_description/share/fairino_description/environment/path.dsv
[0.615s] -- Symlinking: /home/souey-maher/fairino_ws/install/fairino_description/share/fairino_description/local_setup.bash
[0.621s] -- Symlinking: /home/souey-maher/fairino_ws/install/fairino_description/share/fairino_description/local_setup.sh
[0.630s] -- Symlinking: /home/souey-maher/fairino_ws/install/fairino_description/share/fairino_description/local_setup.zsh
[0.638s] -- Symlinking: /home/souey-maher/fairino_ws/install/fairino_description/share/fairino_description/local_setup.dsv
[0.645s] -- Symlinking: /home/souey-maher/fairino_ws/install/fairino_description/share/fairino_description/package.dsv
[0.653s] -- Symlinking: /home/souey-maher/fairino_ws/install/fairino_description/share/ament_index/resource_index/packages/fairino_description
[0.658s] -- Symlinking: /home/souey-maher/fairino_ws/install/fairino_description/share/fairino_description/cmake/fairino_descriptionConfig.cmake
[0.665s] -- Symlinking: /home/souey-maher/fairino_ws/install/fairino_description/share/fairino_description/cmake/fairino_descriptionConfig-version.cmake
[0.673s] -- Symlinking: /home/souey-maher/fairino_ws/install/fairino_description/share/fairino_description/package.xml
[0.681s] Invoked command in '/home/souey-maher/fairino_ws/build/fairino_description' returned '0': CMAKE_PREFIX_PATH=/opt/ros/humble /usr/bin/cmake --install /home/souey-maher/fairino_ws/build/fairino_description
