-- Install configuration: ""
-- Execute custom install script
-- Up-to-date symlink: /home/souey-maher/fairino_ws/install/fairino_description/share/fairino_description/meshes/fairino3_v6/base_link.STL
-- Symlinking: /home/souey-maher/fairino_ws/install/fairino_description/share/fairino_description/meshes/fairino3_v6/base_link.dae
-- Up-to-date symlink: /home/souey-maher/fairino_ws/install/fairino_description/share/fairino_description/meshes/fairino3_v6/forearm_link.STL
-- Up-to-date symlink: /home/souey-maher/fairino_ws/install/fairino_description/share/fairino_description/meshes/fairino3_v6/shoulder_link.STL
-- Up-to-date symlink: /home/souey-maher/fairino_ws/install/fairino_description/share/fairino_description/meshes/fairino3_v6/upperarm_link.STL
-- Up-to-date symlink: /home/souey-maher/fairino_ws/install/fairino_description/share/fairino_description/meshes/fairino3_v6/wrist1_link.STL
-- Up-to-date symlink: /home/souey-maher/fairino_ws/install/fairino_description/share/fairino_description/meshes/fairino3_v6/wrist2_link.STL
-- Up-to-date symlink: /home/souey-maher/fairino_ws/install/fairino_description/share/fairino_description/meshes/fairino3_v6/wrist3_link.STL
-- Up-to-date symlink: /home/souey-maher/fairino_ws/install/fairino_description/share/fairino_description/urdf/fairino3_v6.urdf
-- Up-to-date symlink: /home/souey-maher/fairino_ws/install/fairino_description/share/fairino_description/urdf_dual_arms/fairino3_dual_arms.urdf.xacro
-- Up-to-date symlink: /home/souey-maher/fairino_ws/install/fairino_description/share/fairino_description/urdf_dual_arms/fairino3_v6_robot.prefixed.urdf.xacro
-- Up-to-date symlink: /home/souey-maher/fairino_ws/install/fairino_description/share/fairino_description/urdf_dual_arms/initial_positions.yaml
-- Up-to-date symlink: /home/souey-maher/fairino_ws/install/fairino_description/share/fairino_description/urdf_dual_arms/ros2_controllers.yaml
-- Up-to-date symlink: /home/souey-maher/fairino_ws/install/fairino_description/share/fairino_description/urdf_dual_arms/test_box.urdf.xacro
-- Up-to-date symlink: /home/souey-maher/fairino_ws/install/fairino_description/share/fairino_description/launch/gazebo.launch.py
-- Up-to-date symlink: /home/souey-maher/fairino_ws/install/fairino_description/share/ament_index/resource_index/package_run_dependencies/fairino_description
-- Up-to-date symlink: /home/souey-maher/fairino_ws/install/fairino_description/share/ament_index/resource_index/parent_prefix_path/fairino_description
-- Up-to-date symlink: /home/souey-maher/fairino_ws/install/fairino_description/share/fairino_description/environment/ament_prefix_path.sh
-- Up-to-date symlink: /home/souey-maher/fairino_ws/install/fairino_description/share/fairino_description/environment/ament_prefix_path.dsv
-- Up-to-date symlink: /home/souey-maher/fairino_ws/install/fairino_description/share/fairino_description/environment/path.sh
-- Up-to-date symlink: /home/souey-maher/fairino_ws/install/fairino_description/share/fairino_description/environment/path.dsv
-- Up-to-date symlink: /home/souey-maher/fairino_ws/install/fairino_description/share/fairino_description/local_setup.bash
-- Up-to-date symlink: /home/souey-maher/fairino_ws/install/fairino_description/share/fairino_description/local_setup.sh
-- Up-to-date symlink: /home/souey-maher/fairino_ws/install/fairino_description/share/fairino_description/local_setup.zsh
-- Up-to-date symlink: /home/souey-maher/fairino_ws/install/fairino_description/share/fairino_description/local_setup.dsv
-- Symlinking: /home/souey-maher/fairino_ws/install/fairino_description/share/fairino_description/package.dsv
-- Up-to-date symlink: /home/souey-maher/fairino_ws/install/fairino_description/share/ament_index/resource_index/packages/fairino_description
-- Up-to-date symlink: /home/souey-maher/fairino_ws/install/fairino_description/share/fairino_description/cmake/fairino_descriptionConfig.cmake
-- Up-to-date symlink: /home/souey-maher/fairino_ws/install/fairino_description/share/fairino_description/cmake/fairino_descriptionConfig-version.cmake
-- Up-to-date symlink: /home/souey-maher/fairino_ws/install/fairino_description/share/fairino_description/package.xml
